<?xml version="1.0" encoding="UTF-8" ?>
<testsuite tests="9" failures="0" name="modules.SightingTest" time="2.054" errors="0" skipped="0">
  <properties>
[...]
</properties>
  <testcase classname="modules.SightingTest" name="sighting_instantiatesCorrectly_true" time="1.47"/>
  <testcase classname="modules.SightingTest" name="save_insertsObjectIntoDatabase_Sighting" time="0.234"/>
  <testcase classname="modules.SightingTest" name="all_returnsAllInstancesOfSighting_true" time="0.07"/>
  <testcase classname="modules.SightingTest" name="getRanger_sightingInstantiatesWithRanger_Kevin" time="0.004"/>
  <testcase classname="modules.SightingTest" name="getLocation_sightingInstantiatesWithLocation_ZoneA" time="0.004"/>
  <testcase classname="modules.SightingTest" name="equals_returnsTrueIfLocationAndRangerAreSame_true" time="0.004"/>
  <testcase classname="modules.SightingTest" name="find_returnsSightingWithSameId_otherSighting" time="0.125"/>
  <testcase classname="modules.SightingTest" name="delete_deletesSighting_true" time="0.098"/>
  <testcase classname="modules.SightingTest" name="save_assignsIdToObject" time="0.045"/>
</testsuite>